2022-05-21_12-12-01 [main] INFO  o.s.b.t.c.SpringBootTestContextBootstrapper - Neither @ContextConfiguration nor @ContextHierarchy found for test class [com.pms.authorization.AuthorizatiionMicroserviceApplicationTests], using SpringBootContextLoader
2022-05-21_12-12-01 [main] INFO  o.s.t.c.s.AbstractContextLoader - Could not detect default resource locations for test class [com.pms.authorization.AuthorizatiionMicroserviceApplicationTests]: no resource found for suffixes {-context.xml, Context.groovy}.
2022-05-21_12-12-01 [main] INFO  o.s.t.c.s.AnnotationConfigContextLoaderUtils - Could not detect default configuration classes for test class [com.pms.authorization.AuthorizatiionMicroserviceApplicationTests]: AuthorizatiionMicroserviceApplicationTests does not declare any static, non-private, non-final, nested classes annotated with @Configuration.
2022-05-21_12-12-01 [main] INFO  o.s.b.t.c.SpringBootTestContextBootstrapper - Found @SpringBootConfiguration com.pms.authorization.AuthorizationMicroserviceApplication for test class com.pms.authorization.AuthorizatiionMicroserviceApplicationTests
2022-05-21_12-12-01 [main] INFO  o.s.b.t.c.SpringBootTestContextBootstrapper - Loaded default TestExecutionListener class names from location [META-INF/spring.factories]: [org.springframework.security.test.context.support.WithSecurityContextTestExecutionListener, org.springframework.security.test.context.support.ReactorContextTestExecutionListener, org.springframework.test.context.web.ServletTestExecutionListener, org.springframework.test.context.support.DirtiesContextBeforeModesTestExecutionListener, org.springframework.test.context.event.ApplicationEventsTestExecutionListener, org.springframework.test.context.support.DependencyInjectionTestExecutionListener, org.springframework.test.context.support.DirtiesContextTestExecutionListener, org.springframework.test.context.transaction.TransactionalTestExecutionListener, org.springframework.test.context.jdbc.SqlScriptsTestExecutionListener, org.springframework.test.context.event.EventPublishingTestExecutionListener, org.springframework.boot.test.mock.mockito.MockitoTestExecutionListener, org.springframework.boot.test.mock.mockito.ResetMocksTestExecutionListener, org.springframework.boot.test.autoconfigure.restdocs.RestDocsTestExecutionListener, org.springframework.boot.test.autoconfigure.web.client.MockRestServiceServerResetTestExecutionListener, org.springframework.boot.test.autoconfigure.web.servlet.MockMvcPrintOnlyOnFailureTestExecutionListener, org.springframework.boot.test.autoconfigure.web.servlet.WebDriverTestExecutionListener, org.springframework.boot.test.autoconfigure.webservices.client.MockWebServiceServerTestExecutionListener]
2022-05-21_12-12-01 [main] INFO  o.s.b.t.c.SpringBootTestContextBootstrapper - Using TestExecutionListeners: [org.springframework.test.context.web.ServletTestExecutionListener@10b892d5, org.springframework.test.context.support.DirtiesContextBeforeModesTestExecutionListener@3d3f761a, org.springframework.test.context.event.ApplicationEventsTestExecutionListener@3546d80f, org.springframework.boot.test.mock.mockito.MockitoTestExecutionListener@579d011c, org.springframework.boot.test.autoconfigure.SpringBootDependencyInjectionTestExecutionListener@3670f00, org.springframework.test.context.support.DirtiesContextTestExecutionListener@452e26d0, org.springframework.test.context.transaction.TransactionalTestExecutionListener@46ab18da, org.springframework.test.context.jdbc.SqlScriptsTestExecutionListener@790174f2, org.springframework.security.test.context.support.WithSecurityContextTestExecutionListener@42257bdd, org.springframework.test.context.event.EventPublishingTestExecutionListener@7689ddef, org.springframework.security.test.context.support.ReactorContextTestExecutionListener@687a762c, org.springframework.boot.test.mock.mockito.ResetMocksTestExecutionListener@1a2e2935, org.springframework.boot.test.autoconfigure.restdocs.RestDocsTestExecutionListener@733c423e, org.springframework.boot.test.autoconfigure.web.client.MockRestServiceServerResetTestExecutionListener@4b629f13, org.springframework.boot.test.autoconfigure.web.servlet.MockMvcPrintOnlyOnFailureTestExecutionListener@70925b45, org.springframework.boot.test.autoconfigure.web.servlet.WebDriverTestExecutionListener@1b9ea3e3, org.springframework.boot.test.autoconfigure.webservices.client.MockWebServiceServerTestExecutionListener@aa22f1c]
2022-05-21_12-12-02 [main] INFO  c.p.a.AuthorizatiionMicroserviceApplicationTests - Starting AuthorizatiionMicroserviceApplicationTests using Java 15.0.2 on LAPTOP-99L8IUMB with PID 6184 (started by KRITHIGA in G:\Spring and Angular\pms-springboot-microservices\pms-authorization-microservice)
2022-05-21_12-12-02 [main] INFO  c.p.a.AuthorizatiionMicroserviceApplicationTests - No active profile set, falling back to default profiles: default
2022-05-21_12-12-02 [main] INFO  o.s.d.r.c.RepositoryConfigurationDelegate - Bootstrapping Spring Data JPA repositories in DEFAULT mode.
2022-05-21_12-12-02 [main] INFO  o.s.d.r.c.RepositoryConfigurationDelegate - Finished Spring Data repository scanning in 62 ms. Found 1 JPA repository interfaces.
2022-05-21_12-12-02 [main] INFO  o.s.cloud.context.scope.GenericScope - BeanFactory id=899f1b74-3cae-3f30-bb4f-f4eced3d7035
2022-05-21_12-12-02 [main] INFO  com.zaxxer.hikari.HikariDataSource - HikariPool-1 - Starting...
2022-05-21_12-12-02 [main] INFO  com.zaxxer.hikari.HikariDataSource - HikariPool-1 - Start completed.
2022-05-21_12-12-02 [main] INFO  o.h.jpa.internal.util.LogHelper - HHH000204: Processing PersistenceUnitInfo [name: default]
2022-05-21_12-12-02 [main] INFO  org.hibernate.Version - HHH000412: Hibernate ORM core version 5.4.27.Final
2022-05-21_12-12-02 [main] INFO  o.h.annotations.common.Version - HCANN000001: Hibernate Commons Annotations {5.1.2.Final}
2022-05-21_12-12-02 [main] INFO  org.hibernate.dialect.Dialect - HHH000400: Using dialect: org.hibernate.dialect.H2Dialect
2022-05-21_12-12-02 [main] INFO  o.h.e.t.j.p.i.JtaPlatformInitiator - HHH000490: Using JtaPlatform implementation: [org.hibernate.engine.transaction.jta.platform.internal.NoJtaPlatform]
2022-05-21_12-12-02 [main] INFO  o.s.o.j.LocalContainerEntityManagerFactoryBean - Initialized JPA EntityManagerFactory for persistence unit 'default'
2022-05-21_12-12-02 [main] INFO  o.s.b.a.h.H2ConsoleAutoConfiguration - H2 console available at '/db'. Database available at 'jdbc:h2:mem:testdb'
2022-05-21_12-12-02 [main] INFO  o.s.b.a.e.web.EndpointLinksResolver - Exposing 2 endpoint(s) beneath base path '/actuator'
2022-05-21_12-12-02 [main] INFO  s.d.s.w.PropertySourcedRequestMappingHandlerMapping - Mapped URL path [/v2/api-docs] onto method [springfox.documentation.swagger2.web.Swagger2Controller#getDocumentation(String, HttpServletRequest)]
2022-05-21_12-12-02 [main] INFO  o.s.s.web.DefaultSecurityFilterChain - Will secure any request with [org.springframework.security.web.context.request.async.WebAsyncManagerIntegrationFilter@5cbf9aee, org.springframework.security.web.context.SecurityContextPersistenceFilter@cec1ce2, org.springframework.security.web.header.HeaderWriterFilter@64f1e9f8, org.springframework.security.web.authentication.logout.LogoutFilter@f14d079, com.pms.authorization.config.JwtRequestFilter@5f1dadf4, org.springframework.security.web.savedrequest.RequestCacheAwareFilter@6ad036d6, org.springframework.security.web.servletapi.SecurityContextHolderAwareRequestFilter@36e9fd4f, org.springframework.security.web.authentication.AnonymousAuthenticationFilter@35920655, org.springframework.security.web.session.SessionManagementFilter@7b6c3b37, org.springframework.security.web.access.ExceptionTranslationFilter@454f6cc5, org.springframework.security.web.access.intercept.FilterSecurityInterceptor@2c914364]
2022-05-21_12-12-02 [main] INFO  o.s.s.c.ThreadPoolTaskExecutor - Initializing ExecutorService 'applicationTaskExecutor'
2022-05-21_12-12-02 [main] INFO  s.d.s.w.p.DocumentationPluginsBootstrapper - Context refreshed
2022-05-21_12-12-02 [main] INFO  s.d.s.w.p.DocumentationPluginsBootstrapper - Found 1 custom documentation plugin(s)
2022-05-21_12-12-02 [main] INFO  s.d.s.w.s.ApiListingReferenceScanner - Scanning for api listing references
2022-05-21_12-12-02 [main] INFO  s.d.s.w.r.o.CachingOperationNameGenerator - Generating unique operation named: handleUsingGET_1
2022-05-21_12-12-02 [main] INFO  s.d.s.w.r.o.CachingOperationNameGenerator - Generating unique operation named: handleUsingGET_2
2022-05-21_12-12-02 [main] INFO  c.p.a.AuthorizatiionMicroserviceApplicationTests - Started AuthorizatiionMicroserviceApplicationTests in 8.651 seconds (JVM running for 10.452)
2022-05-21_12-12-11 [main] INFO  c.p.a.AuthorizationMicroserviceApplication - Starting AuthorizationMicroserviceApplication using Java 15.0.2 on LAPTOP-99L8IUMB with PID 6184 (started by KRITHIGA in G:\Spring and Angular\pms-springboot-microservices\pms-authorization-microservice)
2022-05-21_12-12-11 [main] INFO  c.p.a.AuthorizationMicroserviceApplication - No active profile set, falling back to default profiles: default
2022-05-21_12-12-11 [main] INFO  o.s.d.r.c.RepositoryConfigurationDelegate - Bootstrapping Spring Data JPA repositories in DEFAULT mode.
2022-05-21_12-12-11 [main] INFO  o.s.d.r.c.RepositoryConfigurationDelegate - Finished Spring Data repository scanning in 12 ms. Found 1 JPA repository interfaces.
2022-05-21_12-12-11 [main] INFO  o.s.cloud.context.scope.GenericScope - BeanFactory id=79eea780-b92e-3b3d-a2a9-454efe2dab23
2022-05-21_12-12-11 [main] INFO  o.s.b.w.e.tomcat.TomcatWebServer - Tomcat initialized with port(s): 8400 (http)
2022-05-21_12-12-11 [main] INFO  o.a.coyote.http11.Http11NioProtocol - Initializing ProtocolHandler ["http-nio-8400"]
2022-05-21_12-12-11 [main] INFO  o.a.catalina.core.StandardService - Starting service [Tomcat]
2022-05-21_12-12-11 [main] INFO  o.a.catalina.core.StandardEngine - Starting Servlet engine: [Apache Tomcat/9.0.41]
2022-05-21_12-12-11 [main] INFO  o.a.c.c.C.[.[localhost].[/auth] - Initializing Spring embedded WebApplicationContext
2022-05-21_12-12-11 [main] INFO  o.s.b.w.s.c.ServletWebServerApplicationContext - Root WebApplicationContext: initialization completed in 1224 ms
2022-05-21_12-12-11 [main] INFO  com.zaxxer.hikari.HikariDataSource - HikariPool-2 - Starting...
2022-05-21_12-12-11 [main] INFO  com.zaxxer.hikari.HikariDataSource - HikariPool-2 - Start completed.
2022-05-21_12-12-11 [main] INFO  o.s.b.a.h.H2ConsoleAutoConfiguration - H2 console available at '/db'. Database available at 'jdbc:h2:mem:testdb'
2022-05-21_12-12-11 [main] INFO  o.h.jpa.internal.util.LogHelper - HHH000204: Processing PersistenceUnitInfo [name: default]
2022-05-21_12-12-11 [main] INFO  org.hibernate.dialect.Dialect - HHH000400: Using dialect: org.hibernate.dialect.H2Dialect
2022-05-21_12-12-11 [main] INFO  o.h.e.t.j.p.i.JtaPlatformInitiator - HHH000490: Using JtaPlatform implementation: [org.hibernate.engine.transaction.jta.platform.internal.NoJtaPlatform]
2022-05-21_12-12-11 [main] INFO  o.s.o.j.LocalContainerEntityManagerFactoryBean - Initialized JPA EntityManagerFactory for persistence unit 'default'
2022-05-21_12-12-11 [main] INFO  o.s.b.a.e.web.EndpointLinksResolver - Exposing 2 endpoint(s) beneath base path '/actuator'
2022-05-21_12-12-11 [main] INFO  s.d.s.w.PropertySourcedRequestMappingHandlerMapping - Mapped URL path [/v2/api-docs] onto method [springfox.documentation.swagger2.web.Swagger2Controller#getDocumentation(String, HttpServletRequest)]
2022-05-21_12-12-11 [main] INFO  o.s.s.web.DefaultSecurityFilterChain - Will secure any request with [org.springframework.security.web.context.request.async.WebAsyncManagerIntegrationFilter@72584c3f, org.springframework.security.web.context.SecurityContextPersistenceFilter@60f3813e, org.springframework.security.web.header.HeaderWriterFilter@65fd3ebe, org.springframework.security.web.authentication.logout.LogoutFilter@6392ecbc, com.pms.authorization.config.JwtRequestFilter@8862881, org.springframework.security.web.savedrequest.RequestCacheAwareFilter@8292c6a, org.springframework.security.web.servletapi.SecurityContextHolderAwareRequestFilter@4adfb1f, org.springframework.security.web.authentication.AnonymousAuthenticationFilter@66ce59d9, org.springframework.security.web.session.SessionManagementFilter@63cf0da6, org.springframework.security.web.access.ExceptionTranslationFilter@2ae84b49, org.springframework.security.web.access.intercept.FilterSecurityInterceptor@173398da]
2022-05-21_12-12-11 [main] INFO  o.s.s.c.ThreadPoolTaskExecutor - Initializing ExecutorService 'applicationTaskExecutor'
2022-05-21_12-12-11 [main] INFO  o.a.coyote.http11.Http11NioProtocol - Starting ProtocolHandler ["http-nio-8400"]
2022-05-21_12-12-11 [main] INFO  o.s.b.w.e.tomcat.TomcatWebServer - Tomcat started on port(s): 8400 (http) with context path '/auth'
2022-05-21_12-12-11 [main] INFO  s.d.s.w.p.DocumentationPluginsBootstrapper - Context refreshed
2022-05-21_12-12-11 [main] INFO  s.d.s.w.p.DocumentationPluginsBootstrapper - Found 1 custom documentation plugin(s)
2022-05-21_12-12-11 [main] INFO  s.d.s.w.s.ApiListingReferenceScanner - Scanning for api listing references
2022-05-21_12-12-11 [main] INFO  s.d.s.w.r.o.CachingOperationNameGenerator - Generating unique operation named: handleUsingGET_1
2022-05-21_12-12-11 [main] INFO  s.d.s.w.r.o.CachingOperationNameGenerator - Generating unique operation named: handleUsingGET_2
2022-05-21_12-12-11 [main] INFO  c.p.a.AuthorizationMicroserviceApplication - Started AuthorizationMicroserviceApplication in 2.494 seconds (JVM running for 13.412)
2022-05-21_12-12-11 [main] INFO  o.s.b.t.c.SpringBootTestContextBootstrapper - Neither @ContextConfiguration nor @ContextHierarchy found for test class [com.pms.authorization.config.JwtTokenUtilTest], using SpringBootContextLoader
2022-05-21_12-12-11 [main] INFO  o.s.t.c.s.AbstractContextLoader - Could not detect default resource locations for test class [com.pms.authorization.config.JwtTokenUtilTest]: no resource found for suffixes {-context.xml, Context.groovy}.
2022-05-21_12-12-11 [main] INFO  o.s.t.c.s.AnnotationConfigContextLoaderUtils - Could not detect default configuration classes for test class [com.pms.authorization.config.JwtTokenUtilTest]: JwtTokenUtilTest does not declare any static, non-private, non-final, nested classes annotated with @Configuration.
2022-05-21_12-12-11 [main] INFO  o.s.b.t.c.SpringBootTestContextBootstrapper - Found @SpringBootConfiguration com.pms.authorization.AuthorizationMicroserviceApplication for test class com.pms.authorization.config.JwtTokenUtilTest
2022-05-21_12-12-11 [main] INFO  o.s.b.t.c.SpringBootTestContextBootstrapper - Loaded default TestExecutionListener class names from location [META-INF/spring.factories]: [org.springframework.security.test.context.support.WithSecurityContextTestExecutionListener, org.springframework.security.test.context.support.ReactorContextTestExecutionListener, org.springframework.test.context.web.ServletTestExecutionListener, org.springframework.test.context.support.DirtiesContextBeforeModesTestExecutionListener, org.springframework.test.context.event.ApplicationEventsTestExecutionListener, org.springframework.test.context.support.DependencyInjectionTestExecutionListener, org.springframework.test.context.support.DirtiesContextTestExecutionListener, org.springframework.test.context.transaction.TransactionalTestExecutionListener, org.springframework.test.context.jdbc.SqlScriptsTestExecutionListener, org.springframework.test.context.event.EventPublishingTestExecutionListener, org.springframework.boot.test.mock.mockito.MockitoTestExecutionListener, org.springframework.boot.test.mock.mockito.ResetMocksTestExecutionListener, org.springframework.boot.test.autoconfigure.restdocs.RestDocsTestExecutionListener, org.springframework.boot.test.autoconfigure.web.client.MockRestServiceServerResetTestExecutionListener, org.springframework.boot.test.autoconfigure.web.servlet.MockMvcPrintOnlyOnFailureTestExecutionListener, org.springframework.boot.test.autoconfigure.web.servlet.WebDriverTestExecutionListener, org.springframework.boot.test.autoconfigure.webservices.client.MockWebServiceServerTestExecutionListener]
2022-05-21_12-12-11 [main] INFO  o.s.b.t.c.SpringBootTestContextBootstrapper - Using TestExecutionListeners: [org.springframework.test.context.web.ServletTestExecutionListener@25325236, org.springframework.test.context.support.DirtiesContextBeforeModesTestExecutionListener@f912cf3, org.springframework.test.context.event.ApplicationEventsTestExecutionListener@2aeffa55, org.springframework.boot.test.mock.mockito.MockitoTestExecutionListener@716125a3, org.springframework.boot.test.autoconfigure.SpringBootDependencyInjectionTestExecutionListener@46756a5b, org.springframework.test.context.support.DirtiesContextTestExecutionListener@408530d2, org.springframework.test.context.transaction.TransactionalTestExecutionListener@156d47c5, org.springframework.test.context.jdbc.SqlScriptsTestExecutionListener@6d5934f6, org.springframework.security.test.context.support.WithSecurityContextTestExecutionListener@13acb4, org.springframework.test.context.event.EventPublishingTestExecutionListener@69f90fc4, org.springframework.security.test.context.support.ReactorContextTestExecutionListener@16d52e51, org.springframework.boot.test.mock.mockito.ResetMocksTestExecutionListener@328f46f9, org.springframework.boot.test.autoconfigure.restdocs.RestDocsTestExecutionListener@2f643a10, org.springframework.boot.test.autoconfigure.web.client.MockRestServiceServerResetTestExecutionListener@ec28717, org.springframework.boot.test.autoconfigure.web.servlet.MockMvcPrintOnlyOnFailureTestExecutionListener@315a9738, org.springframework.boot.test.autoconfigure.web.servlet.WebDriverTestExecutionListener@79aab764, org.springframework.boot.test.autoconfigure.webservices.client.MockWebServiceServerTestExecutionListener@7790a6fb]
2022-05-21_12-12-14 [main] INFO  c.p.a.config.JwtTokenUtilTest - Starting JwtTokenUtilTest using Java 15.0.2 on LAPTOP-99L8IUMB with PID 6184 (started by KRITHIGA in G:\Spring and Angular\pms-springboot-microservices\pms-authorization-microservice)
2022-05-21_12-12-14 [main] INFO  c.p.a.config.JwtTokenUtilTest - No active profile set, falling back to default profiles: default
2022-05-21_12-12-14 [main] INFO  o.s.d.r.c.RepositoryConfigurationDelegate - Bootstrapping Spring Data JPA repositories in DEFAULT mode.
2022-05-21_12-12-14 [main] INFO  o.s.d.r.c.RepositoryConfigurationDelegate - Finished Spring Data repository scanning in 14 ms. Found 1 JPA repository interfaces.
2022-05-21_12-12-14 [main] INFO  o.s.cloud.context.scope.GenericScope - BeanFactory id=899f1b74-3cae-3f30-bb4f-f4eced3d7035
2022-05-21_12-12-14 [main] INFO  com.zaxxer.hikari.HikariDataSource - HikariPool-3 - Starting...
2022-05-21_12-12-14 [main] INFO  com.zaxxer.hikari.HikariDataSource - HikariPool-3 - Start completed.
2022-05-21_12-12-14 [main] INFO  o.h.jpa.internal.util.LogHelper - HHH000204: Processing PersistenceUnitInfo [name: default]
2022-05-21_12-12-14 [main] INFO  org.hibernate.dialect.Dialect - HHH000400: Using dialect: org.hibernate.dialect.H2Dialect
2022-05-21_12-12-14 [main] INFO  o.h.e.t.j.p.i.JtaPlatformInitiator - HHH000490: Using JtaPlatform implementation: [org.hibernate.engine.transaction.jta.platform.internal.NoJtaPlatform]
2022-05-21_12-12-14 [main] INFO  o.s.o.j.LocalContainerEntityManagerFactoryBean - Initialized JPA EntityManagerFactory for persistence unit 'default'
2022-05-21_12-12-14 [main] INFO  o.s.b.a.h.H2ConsoleAutoConfiguration - H2 console available at '/db'. Database available at 'jdbc:h2:mem:testdb'
2022-05-21_12-12-14 [main] INFO  o.s.b.a.e.web.EndpointLinksResolver - Exposing 2 endpoint(s) beneath base path '/actuator'
2022-05-21_12-12-14 [main] INFO  s.d.s.w.PropertySourcedRequestMappingHandlerMapping - Mapped URL path [/v2/api-docs] onto method [springfox.documentation.swagger2.web.Swagger2Controller#getDocumentation(String, HttpServletRequest)]
2022-05-21_12-12-14 [main] INFO  o.s.s.web.DefaultSecurityFilterChain - Will secure any request with [org.springframework.security.web.context.request.async.WebAsyncManagerIntegrationFilter@bfe3907, org.springframework.security.web.context.SecurityContextPersistenceFilter@4eeff1e3, org.springframework.security.web.header.HeaderWriterFilter@1b506c3b, org.springframework.security.web.authentication.logout.LogoutFilter@18084396, com.pms.authorization.config.JwtRequestFilter@d34c3be, org.springframework.security.web.savedrequest.RequestCacheAwareFilter@6816b13d, org.springframework.security.web.servletapi.SecurityContextHolderAwareRequestFilter@703f29b0, org.springframework.security.web.authentication.AnonymousAuthenticationFilter@6bc8ce0c, org.springframework.security.web.session.SessionManagementFilter@52416fd7, org.springframework.security.web.access.ExceptionTranslationFilter@5bafbe15, org.springframework.security.web.access.intercept.FilterSecurityInterceptor@1938f3b3]
2022-05-21_12-12-14 [main] INFO  o.s.s.c.ThreadPoolTaskExecutor - Initializing ExecutorService 'applicationTaskExecutor'
2022-05-21_12-12-14 [main] INFO  s.d.s.w.p.DocumentationPluginsBootstrapper - Context refreshed
2022-05-21_12-12-14 [main] INFO  s.d.s.w.p.DocumentationPluginsBootstrapper - Found 1 custom documentation plugin(s)
2022-05-21_12-12-14 [main] INFO  s.d.s.w.s.ApiListingReferenceScanner - Scanning for api listing references
2022-05-21_12-12-14 [main] INFO  s.d.s.w.r.o.CachingOperationNameGenerator - Generating unique operation named: handleUsingGET_1
2022-05-21_12-12-14 [main] INFO  s.d.s.w.r.o.CachingOperationNameGenerator - Generating unique operation named: handleUsingGET_2
2022-05-21_12-12-14 [main] INFO  c.p.a.config.JwtTokenUtilTest - Started JwtTokenUtilTest in 2.481 seconds (JVM running for 15.955)
2022-05-21_12-12-14 [main] INFO  o.s.b.t.c.SpringBootTestContextBootstrapper - Neither @ContextConfiguration nor @ContextHierarchy found for test class [com.pms.authorization.controller.JwtAuthenticationControllerEndPointsTest], using SpringBootContextLoader
2022-05-21_12-12-14 [main] INFO  o.s.t.c.s.AbstractContextLoader - Could not detect default resource locations for test class [com.pms.authorization.controller.JwtAuthenticationControllerEndPointsTest]: no resource found for suffixes {-context.xml, Context.groovy}.
2022-05-21_12-12-14 [main] INFO  o.s.t.c.s.AnnotationConfigContextLoaderUtils - Could not detect default configuration classes for test class [com.pms.authorization.controller.JwtAuthenticationControllerEndPointsTest]: JwtAuthenticationControllerEndPointsTest does not declare any static, non-private, non-final, nested classes annotated with @Configuration.
2022-05-21_12-12-14 [main] INFO  o.s.b.t.c.SpringBootTestContextBootstrapper - Found @SpringBootConfiguration com.pms.authorization.AuthorizationMicroserviceApplication for test class com.pms.authorization.controller.JwtAuthenticationControllerEndPointsTest
2022-05-21_12-12-14 [main] INFO  o.s.b.t.c.SpringBootTestContextBootstrapper - Loaded default TestExecutionListener class names from location [META-INF/spring.factories]: [org.springframework.security.test.context.support.WithSecurityContextTestExecutionListener, org.springframework.security.test.context.support.ReactorContextTestExecutionListener, org.springframework.test.context.web.ServletTestExecutionListener, org.springframework.test.context.support.DirtiesContextBeforeModesTestExecutionListener, org.springframework.test.context.event.ApplicationEventsTestExecutionListener, org.springframework.test.context.support.DependencyInjectionTestExecutionListener, org.springframework.test.context.support.DirtiesContextTestExecutionListener, org.springframework.test.context.transaction.TransactionalTestExecutionListener, org.springframework.test.context.jdbc.SqlScriptsTestExecutionListener, org.springframework.test.context.event.EventPublishingTestExecutionListener, org.springframework.boot.test.mock.mockito.MockitoTestExecutionListener, org.springframework.boot.test.mock.mockito.ResetMocksTestExecutionListener, org.springframework.boot.test.autoconfigure.restdocs.RestDocsTestExecutionListener, org.springframework.boot.test.autoconfigure.web.client.MockRestServiceServerResetTestExecutionListener, org.springframework.boot.test.autoconfigure.web.servlet.MockMvcPrintOnlyOnFailureTestExecutionListener, org.springframework.boot.test.autoconfigure.web.servlet.WebDriverTestExecutionListener, org.springframework.boot.test.autoconfigure.webservices.client.MockWebServiceServerTestExecutionListener]
2022-05-21_12-12-14 [main] INFO  o.s.b.t.c.SpringBootTestContextBootstrapper - Using TestExecutionListeners: [org.springframework.test.context.web.ServletTestExecutionListener@340c211e, org.springframework.test.context.support.DirtiesContextBeforeModesTestExecutionListener@36545439, org.springframework.test.context.event.ApplicationEventsTestExecutionListener@1856a312, org.springframework.boot.test.mock.mockito.MockitoTestExecutionListener@68886059, org.springframework.boot.test.autoconfigure.SpringBootDependencyInjectionTestExecutionListener@3d59a887, org.springframework.test.context.support.DirtiesContextTestExecutionListener@2938c689, org.springframework.test.context.transaction.TransactionalTestExecutionListener@4dbae8f, org.springframework.test.context.jdbc.SqlScriptsTestExecutionListener@2ffa8ce5, org.springframework.security.test.context.support.WithSecurityContextTestExecutionListener@5f17140d, org.springframework.test.context.event.EventPublishingTestExecutionListener@30749de8, org.springframework.security.test.context.support.ReactorContextTestExecutionListener@6902e2bf, org.springframework.boot.test.mock.mockito.ResetMocksTestExecutionListener@12e4c6de, org.springframework.boot.test.autoconfigure.restdocs.RestDocsTestExecutionListener@75b41ff3, org.springframework.boot.test.autoconfigure.web.client.MockRestServiceServerResetTestExecutionListener@61bb5770, org.springframework.boot.test.autoconfigure.web.servlet.MockMvcPrintOnlyOnFailureTestExecutionListener@1f5246e2, org.springframework.boot.test.autoconfigure.web.servlet.WebDriverTestExecutionListener@2b34a1e0, org.springframework.boot.test.autoconfigure.webservices.client.MockWebServiceServerTestExecutionListener@7eaa78f2]
2022-05-21_12-12-17 [main] INFO  c.p.a.c.JwtAuthenticationControllerEndPointsTest - Starting JwtAuthenticationControllerEndPointsTest using Java 15.0.2 on LAPTOP-99L8IUMB with PID 6184 (started by KRITHIGA in G:\Spring and Angular\pms-springboot-microservices\pms-authorization-microservice)
2022-05-21_12-12-17 [main] INFO  c.p.a.c.JwtAuthenticationControllerEndPointsTest - No active profile set, falling back to default profiles: default
2022-05-21_12-12-17 [main] INFO  o.s.d.r.c.RepositoryConfigurationDelegate - Bootstrapping Spring Data JPA repositories in DEFAULT mode.
2022-05-21_12-12-17 [main] INFO  o.s.d.r.c.RepositoryConfigurationDelegate - Finished Spring Data repository scanning in 13 ms. Found 1 JPA repository interfaces.
2022-05-21_12-12-17 [main] INFO  o.s.cloud.context.scope.GenericScope - BeanFactory id=de6b55d5-eebe-384d-a1bf-5eac212cc64d
2022-05-21_12-12-17 [main] INFO  com.zaxxer.hikari.HikariDataSource - HikariPool-4 - Starting...
2022-05-21_12-12-17 [main] INFO  com.zaxxer.hikari.HikariDataSource - HikariPool-4 - Start completed.
2022-05-21_12-12-17 [main] INFO  o.h.jpa.internal.util.LogHelper - HHH000204: Processing PersistenceUnitInfo [name: default]
2022-05-21_12-12-17 [main] INFO  org.hibernate.dialect.Dialect - HHH000400: Using dialect: org.hibernate.dialect.H2Dialect
2022-05-21_12-12-17 [main] INFO  o.h.e.t.j.p.i.JtaPlatformInitiator - HHH000490: Using JtaPlatform implementation: [org.hibernate.engine.transaction.jta.platform.internal.NoJtaPlatform]
2022-05-21_12-12-17 [main] INFO  o.s.o.j.LocalContainerEntityManagerFactoryBean - Initialized JPA EntityManagerFactory for persistence unit 'default'
2022-05-21_12-12-17 [main] INFO  o.s.b.a.h.H2ConsoleAutoConfiguration - H2 console available at '/db'. Database available at 'jdbc:h2:mem:testdb'
2022-05-21_12-12-17 [main] INFO  o.s.b.a.e.web.EndpointLinksResolver - Exposing 2 endpoint(s) beneath base path '/actuator'
2022-05-21_12-12-17 [main] INFO  s.d.s.w.PropertySourcedRequestMappingHandlerMapping - Mapped URL path [/v2/api-docs] onto method [springfox.documentation.swagger2.web.Swagger2Controller#getDocumentation(String, HttpServletRequest)]
2022-05-21_12-12-17 [main] INFO  o.s.s.web.DefaultSecurityFilterChain - Will secure any request with [org.springframework.security.web.context.request.async.WebAsyncManagerIntegrationFilter@4da15ed2, org.springframework.security.web.context.SecurityContextPersistenceFilter@5dd43e12, org.springframework.security.web.header.HeaderWriterFilter@3bb8d847, org.springframework.security.web.authentication.logout.LogoutFilter@3b886b0f, com.pms.authorization.config.JwtRequestFilter@3b0e8bc4, org.springframework.security.web.savedrequest.RequestCacheAwareFilter@27b49bbc, org.springframework.security.web.servletapi.SecurityContextHolderAwareRequestFilter@5ab315ed, org.springframework.security.web.authentication.AnonymousAuthenticationFilter@36a408cb, org.springframework.security.web.session.SessionManagementFilter@17f141eb, org.springframework.security.web.access.ExceptionTranslationFilter@33f24b0, org.springframework.security.web.access.intercept.FilterSecurityInterceptor@789c61a3]
2022-05-21_12-12-17 [main] INFO  o.s.s.c.ThreadPoolTaskExecutor - Initializing ExecutorService 'applicationTaskExecutor'
2022-05-21_12-12-17 [main] INFO  o.s.b.t.m.w.SpringBootMockServletContext - Initializing Spring TestDispatcherServlet ''
2022-05-21_12-12-17 [main] INFO  o.s.t.w.s.TestDispatcherServlet - Initializing Servlet ''
2022-05-21_12-12-17 [main] INFO  o.s.t.w.s.TestDispatcherServlet - Completed initialization in 1 ms
2022-05-21_12-12-17 [main] INFO  s.d.s.w.p.DocumentationPluginsBootstrapper - Context refreshed
2022-05-21_12-12-17 [main] INFO  s.d.s.w.p.DocumentationPluginsBootstrapper - Found 1 custom documentation plugin(s)
2022-05-21_12-12-17 [main] INFO  s.d.s.w.s.ApiListingReferenceScanner - Scanning for api listing references
2022-05-21_12-12-17 [main] INFO  s.d.s.w.r.o.CachingOperationNameGenerator - Generating unique operation named: handleUsingGET_1
2022-05-21_12-12-17 [main] INFO  s.d.s.w.r.o.CachingOperationNameGenerator - Generating unique operation named: handleUsingGET_2
2022-05-21_12-12-17 [main] INFO  c.p.a.c.JwtAuthenticationControllerEndPointsTest - Started JwtAuthenticationControllerEndPointsTest in 2.421 seconds (JVM running for 19.156)
2022-05-21_12-12-17 [main] INFO  o.s.b.t.c.SpringBootTestContextBootstrapper - Neither @ContextConfiguration nor @ContextHierarchy found for test class [com.pms.authorization.controller.JwtAuthenticationControllerTest], using SpringBootContextLoader
2022-05-21_12-12-17 [main] INFO  o.s.t.c.s.AbstractContextLoader - Could not detect default resource locations for test class [com.pms.authorization.controller.JwtAuthenticationControllerTest]: no resource found for suffixes {-context.xml, Context.groovy}.
2022-05-21_12-12-17 [main] INFO  o.s.t.c.s.AnnotationConfigContextLoaderUtils - Could not detect default configuration classes for test class [com.pms.authorization.controller.JwtAuthenticationControllerTest]: JwtAuthenticationControllerTest does not declare any static, non-private, non-final, nested classes annotated with @Configuration.
2022-05-21_12-12-17 [main] INFO  o.s.b.t.c.SpringBootTestContextBootstrapper - Found @SpringBootConfiguration com.pms.authorization.AuthorizationMicroserviceApplication for test class com.pms.authorization.controller.JwtAuthenticationControllerTest
2022-05-21_12-12-17 [main] INFO  o.s.b.t.c.SpringBootTestContextBootstrapper - Loaded default TestExecutionListener class names from location [META-INF/spring.factories]: [org.springframework.security.test.context.support.WithSecurityContextTestExecutionListener, org.springframework.security.test.context.support.ReactorContextTestExecutionListener, org.springframework.test.context.web.ServletTestExecutionListener, org.springframework.test.context.support.DirtiesContextBeforeModesTestExecutionListener, org.springframework.test.context.event.ApplicationEventsTestExecutionListener, org.springframework.test.context.support.DependencyInjectionTestExecutionListener, org.springframework.test.context.support.DirtiesContextTestExecutionListener, org.springframework.test.context.transaction.TransactionalTestExecutionListener, org.springframework.test.context.jdbc.SqlScriptsTestExecutionListener, org.springframework.test.context.event.EventPublishingTestExecutionListener, org.springframework.boot.test.mock.mockito.MockitoTestExecutionListener, org.springframework.boot.test.mock.mockito.ResetMocksTestExecutionListener, org.springframework.boot.test.autoconfigure.restdocs.RestDocsTestExecutionListener, org.springframework.boot.test.autoconfigure.web.client.MockRestServiceServerResetTestExecutionListener, org.springframework.boot.test.autoconfigure.web.servlet.MockMvcPrintOnlyOnFailureTestExecutionListener, org.springframework.boot.test.autoconfigure.web.servlet.WebDriverTestExecutionListener, org.springframework.boot.test.autoconfigure.webservices.client.MockWebServiceServerTestExecutionListener]
2022-05-21_12-12-17 [main] INFO  o.s.b.t.c.SpringBootTestContextBootstrapper - Using TestExecutionListeners: [org.springframework.test.context.web.ServletTestExecutionListener@66b27bd6, org.springframework.test.context.support.DirtiesContextBeforeModesTestExecutionListener@e25817f, org.springframework.test.context.event.ApplicationEventsTestExecutionListener@169729d9, org.springframework.boot.test.mock.mockito.MockitoTestExecutionListener@6eec5a54, org.springframework.boot.test.autoconfigure.SpringBootDependencyInjectionTestExecutionListener@1b75f094, org.springframework.test.context.support.DirtiesContextTestExecutionListener@39f9b4fc, org.springframework.test.context.transaction.TransactionalTestExecutionListener@160f8bfb, org.springframework.test.context.jdbc.SqlScriptsTestExecutionListener@1a3d4d94, org.springframework.security.test.context.support.WithSecurityContextTestExecutionListener@2ef8ef17, org.springframework.test.context.event.EventPublishingTestExecutionListener@5a52e060, org.springframework.security.test.context.support.ReactorContextTestExecutionListener@3068f882, org.springframework.boot.test.mock.mockito.ResetMocksTestExecutionListener@40c952f6, org.springframework.boot.test.autoconfigure.restdocs.RestDocsTestExecutionListener@29a08daf, org.springframework.boot.test.autoconfigure.web.client.MockRestServiceServerResetTestExecutionListener@64bc291b, org.springframework.boot.test.autoconfigure.web.servlet.MockMvcPrintOnlyOnFailureTestExecutionListener@13e771e6, org.springframework.boot.test.autoconfigure.web.servlet.WebDriverTestExecutionListener@19b3cf8e, org.springframework.boot.test.autoconfigure.webservices.client.MockWebServiceServerTestExecutionListener@34d3f4e2]
2022-05-21_12-12-20 [main] INFO  c.p.a.c.JwtAuthenticationControllerTest - Starting JwtAuthenticationControllerTest using Java 15.0.2 on LAPTOP-99L8IUMB with PID 6184 (started by KRITHIGA in G:\Spring and Angular\pms-springboot-microservices\pms-authorization-microservice)
2022-05-21_12-12-20 [main] INFO  c.p.a.c.JwtAuthenticationControllerTest - No active profile set, falling back to default profiles: default
2022-05-21_12-12-20 [main] INFO  o.s.d.r.c.RepositoryConfigurationDelegate - Bootstrapping Spring Data JPA repositories in DEFAULT mode.
2022-05-21_12-12-20 [main] INFO  o.s.d.r.c.RepositoryConfigurationDelegate - Finished Spring Data repository scanning in 11 ms. Found 1 JPA repository interfaces.
2022-05-21_12-12-20 [main] INFO  o.s.cloud.context.scope.GenericScope - BeanFactory id=899f1b74-3cae-3f30-bb4f-f4eced3d7035
2022-05-21_12-12-20 [main] INFO  com.zaxxer.hikari.HikariDataSource - HikariPool-5 - Starting...
2022-05-21_12-12-20 [main] INFO  com.zaxxer.hikari.HikariDataSource - HikariPool-5 - Start completed.
2022-05-21_12-12-20 [main] INFO  o.h.jpa.internal.util.LogHelper - HHH000204: Processing PersistenceUnitInfo [name: default]
2022-05-21_12-12-20 [main] INFO  org.hibernate.dialect.Dialect - HHH000400: Using dialect: org.hibernate.dialect.H2Dialect
2022-05-21_12-12-20 [main] INFO  o.h.e.t.j.p.i.JtaPlatformInitiator - HHH000490: Using JtaPlatform implementation: [org.hibernate.engine.transaction.jta.platform.internal.NoJtaPlatform]
2022-05-21_12-12-20 [main] INFO  o.s.o.j.LocalContainerEntityManagerFactoryBean - Initialized JPA EntityManagerFactory for persistence unit 'default'
2022-05-21_12-12-20 [main] INFO  o.s.b.a.h.H2ConsoleAutoConfiguration - H2 console available at '/db'. Database available at 'jdbc:h2:mem:testdb'
2022-05-21_12-12-20 [main] INFO  o.s.b.a.e.web.EndpointLinksResolver - Exposing 2 endpoint(s) beneath base path '/actuator'
2022-05-21_12-12-20 [main] INFO  s.d.s.w.PropertySourcedRequestMappingHandlerMapping - Mapped URL path [/v2/api-docs] onto method [springfox.documentation.swagger2.web.Swagger2Controller#getDocumentation(String, HttpServletRequest)]
2022-05-21_12-12-20 [main] INFO  o.s.s.web.DefaultSecurityFilterChain - Will secure any request with [org.springframework.security.web.context.request.async.WebAsyncManagerIntegrationFilter@65bb0f13, org.springframework.security.web.context.SecurityContextPersistenceFilter@3f88558d, org.springframework.security.web.header.HeaderWriterFilter@392b7436, org.springframework.security.web.authentication.logout.LogoutFilter@35a2a66f, com.pms.authorization.config.JwtRequestFilter@7903007c, org.springframework.security.web.savedrequest.RequestCacheAwareFilter@2f5f52b, org.springframework.security.web.servletapi.SecurityContextHolderAwareRequestFilter@601dbb87, org.springframework.security.web.authentication.AnonymousAuthenticationFilter@2d4c561b, org.springframework.security.web.session.SessionManagementFilter@1cf6971b, org.springframework.security.web.access.ExceptionTranslationFilter@76797720, org.springframework.security.web.access.intercept.FilterSecurityInterceptor@70ed9c7f]
2022-05-21_12-12-20 [main] INFO  o.s.s.c.ThreadPoolTaskExecutor - Initializing ExecutorService 'applicationTaskExecutor'
2022-05-21_12-12-20 [main] INFO  s.d.s.w.p.DocumentationPluginsBootstrapper - Context refreshed
2022-05-21_12-12-20 [main] INFO  s.d.s.w.p.DocumentationPluginsBootstrapper - Found 1 custom documentation plugin(s)
2022-05-21_12-12-20 [main] INFO  s.d.s.w.s.ApiListingReferenceScanner - Scanning for api listing references
2022-05-21_12-12-20 [main] INFO  s.d.s.w.r.o.CachingOperationNameGenerator - Generating unique operation named: handleUsingGET_1
2022-05-21_12-12-20 [main] INFO  s.d.s.w.r.o.CachingOperationNameGenerator - Generating unique operation named: handleUsingGET_2
2022-05-21_12-12-20 [main] INFO  c.p.a.c.JwtAuthenticationControllerTest - Started JwtAuthenticationControllerTest in 2.209 seconds (JVM running for 21.65)
2022-05-21_12-12-20 [main] INFO  o.s.b.t.c.SpringBootTestContextBootstrapper - Neither @ContextConfiguration nor @ContextHierarchy found for test class [com.pms.authorization.exception.AuthorizationExceptionTest], using SpringBootContextLoader
2022-05-21_12-12-20 [main] INFO  o.s.t.c.s.AbstractContextLoader - Could not detect default resource locations for test class [com.pms.authorization.exception.AuthorizationExceptionTest]: no resource found for suffixes {-context.xml, Context.groovy}.
2022-05-21_12-12-20 [main] INFO  o.s.t.c.s.AnnotationConfigContextLoaderUtils - Could not detect default configuration classes for test class [com.pms.authorization.exception.AuthorizationExceptionTest]: AuthorizationExceptionTest does not declare any static, non-private, non-final, nested classes annotated with @Configuration.
2022-05-21_12-12-20 [main] INFO  o.s.b.t.c.SpringBootTestContextBootstrapper - Found @SpringBootConfiguration com.pms.authorization.AuthorizationMicroserviceApplication for test class com.pms.authorization.exception.AuthorizationExceptionTest
2022-05-21_12-12-20 [main] INFO  o.s.b.t.c.SpringBootTestContextBootstrapper - Loaded default TestExecutionListener class names from location [META-INF/spring.factories]: [org.springframework.security.test.context.support.WithSecurityContextTestExecutionListener, org.springframework.security.test.context.support.ReactorContextTestExecutionListener, org.springframework.test.context.web.ServletTestExecutionListener, org.springframework.test.context.support.DirtiesContextBeforeModesTestExecutionListener, org.springframework.test.context.event.ApplicationEventsTestExecutionListener, org.springframework.test.context.support.DependencyInjectionTestExecutionListener, org.springframework.test.context.support.DirtiesContextTestExecutionListener, org.springframework.test.context.transaction.TransactionalTestExecutionListener, org.springframework.test.context.jdbc.SqlScriptsTestExecutionListener, org.springframework.test.context.event.EventPublishingTestExecutionListener, org.springframework.boot.test.mock.mockito.MockitoTestExecutionListener, org.springframework.boot.test.mock.mockito.ResetMocksTestExecutionListener, org.springframework.boot.test.autoconfigure.restdocs.RestDocsTestExecutionListener, org.springframework.boot.test.autoconfigure.web.client.MockRestServiceServerResetTestExecutionListener, org.springframework.boot.test.autoconfigure.web.servlet.MockMvcPrintOnlyOnFailureTestExecutionListener, org.springframework.boot.test.autoconfigure.web.servlet.WebDriverTestExecutionListener, org.springframework.boot.test.autoconfigure.webservices.client.MockWebServiceServerTestExecutionListener]
2022-05-21_12-12-20 [main] INFO  o.s.b.t.c.SpringBootTestContextBootstrapper - Using TestExecutionListeners: [org.springframework.test.context.web.ServletTestExecutionListener@714a8d74, org.springframework.test.context.support.DirtiesContextBeforeModesTestExecutionListener@6a2158a2, org.springframework.test.context.event.ApplicationEventsTestExecutionListener@702a0b7d, org.springframework.boot.test.mock.mockito.MockitoTestExecutionListener@147c729a, org.springframework.boot.test.autoconfigure.SpringBootDependencyInjectionTestExecutionListener@31786c4c, org.springframework.test.context.support.DirtiesContextTestExecutionListener@517cd689, org.springframework.test.context.transaction.TransactionalTestExecutionListener@712d4e38, org.springframework.test.context.jdbc.SqlScriptsTestExecutionListener@6b20a25, org.springframework.security.test.context.support.WithSecurityContextTestExecutionListener@74da1cb3, org.springframework.test.context.event.EventPublishingTestExecutionListener@43a5443f, org.springframework.security.test.context.support.ReactorContextTestExecutionListener@58e28efd, org.springframework.boot.test.mock.mockito.ResetMocksTestExecutionListener@4e9754e6, org.springframework.boot.test.autoconfigure.restdocs.RestDocsTestExecutionListener@6a0ce603, org.springframework.boot.test.autoconfigure.web.client.MockRestServiceServerResetTestExecutionListener@361c3c1, org.springframework.boot.test.autoconfigure.web.servlet.MockMvcPrintOnlyOnFailureTestExecutionListener@4f383036, org.springframework.boot.test.autoconfigure.web.servlet.WebDriverTestExecutionListener@3bfc7d53, org.springframework.boot.test.autoconfigure.webservices.client.MockWebServiceServerTestExecutionListener@364db8d1]
2022-05-21_12-12-20 [main] INFO  o.s.b.t.c.SpringBootTestContextBootstrapper - Neither @ContextConfiguration nor @ContextHierarchy found for test class [com.pms.authorization.exception.ExceptionDetailsTest], using SpringBootContextLoader
2022-05-21_12-12-20 [main] INFO  o.s.t.c.s.AbstractContextLoader - Could not detect default resource locations for test class [com.pms.authorization.exception.ExceptionDetailsTest]: no resource found for suffixes {-context.xml, Context.groovy}.
2022-05-21_12-12-20 [main] INFO  o.s.t.c.s.AnnotationConfigContextLoaderUtils - Could not detect default configuration classes for test class [com.pms.authorization.exception.ExceptionDetailsTest]: ExceptionDetailsTest does not declare any static, non-private, non-final, nested classes annotated with @Configuration.
2022-05-21_12-12-20 [main] INFO  o.s.b.t.c.SpringBootTestContextBootstrapper - Found @SpringBootConfiguration com.pms.authorization.AuthorizationMicroserviceApplication for test class com.pms.authorization.exception.ExceptionDetailsTest
2022-05-21_12-12-20 [main] INFO  o.s.b.t.c.SpringBootTestContextBootstrapper - Loaded default TestExecutionListener class names from location [META-INF/spring.factories]: [org.springframework.security.test.context.support.WithSecurityContextTestExecutionListener, org.springframework.security.test.context.support.ReactorContextTestExecutionListener, org.springframework.test.context.web.ServletTestExecutionListener, org.springframework.test.context.support.DirtiesContextBeforeModesTestExecutionListener, org.springframework.test.context.event.ApplicationEventsTestExecutionListener, org.springframework.test.context.support.DependencyInjectionTestExecutionListener, org.springframework.test.context.support.DirtiesContextTestExecutionListener, org.springframework.test.context.transaction.TransactionalTestExecutionListener, org.springframework.test.context.jdbc.SqlScriptsTestExecutionListener, org.springframework.test.context.event.EventPublishingTestExecutionListener, org.springframework.boot.test.mock.mockito.MockitoTestExecutionListener, org.springframework.boot.test.mock.mockito.ResetMocksTestExecutionListener, org.springframework.boot.test.autoconfigure.restdocs.RestDocsTestExecutionListener, org.springframework.boot.test.autoconfigure.web.client.MockRestServiceServerResetTestExecutionListener, org.springframework.boot.test.autoconfigure.web.servlet.MockMvcPrintOnlyOnFailureTestExecutionListener, org.springframework.boot.test.autoconfigure.web.servlet.WebDriverTestExecutionListener, org.springframework.boot.test.autoconfigure.webservices.client.MockWebServiceServerTestExecutionListener]
2022-05-21_12-12-20 [main] INFO  o.s.b.t.c.SpringBootTestContextBootstrapper - Using TestExecutionListeners: [org.springframework.test.context.web.ServletTestExecutionListener@7ae5a4ca, org.springframework.test.context.support.DirtiesContextBeforeModesTestExecutionListener@7bc0ff69, org.springframework.test.context.event.ApplicationEventsTestExecutionListener@387c0e06, org.springframework.boot.test.mock.mockito.MockitoTestExecutionListener@7e5700c, org.springframework.boot.test.autoconfigure.SpringBootDependencyInjectionTestExecutionListener@507147ce, org.springframework.test.context.support.DirtiesContextTestExecutionListener@2c36c11e, org.springframework.test.context.transaction.TransactionalTestExecutionListener@7462f6a0, org.springframework.test.context.jdbc.SqlScriptsTestExecutionListener@582b8d30, org.springframework.security.test.context.support.WithSecurityContextTestExecutionListener@2befecc, org.springframework.test.context.event.EventPublishingTestExecutionListener@181ae1b4, org.springframework.security.test.context.support.ReactorContextTestExecutionListener@7baec3e1, org.springframework.boot.test.mock.mockito.ResetMocksTestExecutionListener@7fe883a9, org.springframework.boot.test.autoconfigure.restdocs.RestDocsTestExecutionListener@ad55a06, org.springframework.boot.test.autoconfigure.web.client.MockRestServiceServerResetTestExecutionListener@450d0da9, org.springframework.boot.test.autoconfigure.web.servlet.MockMvcPrintOnlyOnFailureTestExecutionListener@48b16f22, org.springframework.boot.test.autoconfigure.web.servlet.WebDriverTestExecutionListener@737f4856, org.springframework.boot.test.autoconfigure.webservices.client.MockWebServiceServerTestExecutionListener@53da3955]
2022-05-21_12-12-20 [main] INFO  o.s.b.t.c.SpringBootTestContextBootstrapper - Neither @ContextConfiguration nor @ContextHierarchy found for test class [com.pms.authorization.exception.GlobalExceptionHandlerTest], using SpringBootContextLoader
2022-05-21_12-12-20 [main] INFO  o.s.t.c.s.AbstractContextLoader - Could not detect default resource locations for test class [com.pms.authorization.exception.GlobalExceptionHandlerTest]: no resource found for suffixes {-context.xml, Context.groovy}.
2022-05-21_12-12-20 [main] INFO  o.s.t.c.s.AnnotationConfigContextLoaderUtils - Could not detect default configuration classes for test class [com.pms.authorization.exception.GlobalExceptionHandlerTest]: GlobalExceptionHandlerTest does not declare any static, non-private, non-final, nested classes annotated with @Configuration.
2022-05-21_12-12-20 [main] INFO  o.s.b.t.c.SpringBootTestContextBootstrapper - Found @SpringBootConfiguration com.pms.authorization.AuthorizationMicroserviceApplication for test class com.pms.authorization.exception.GlobalExceptionHandlerTest
2022-05-21_12-12-20 [main] INFO  o.s.b.t.c.SpringBootTestContextBootstrapper - Loaded default TestExecutionListener class names from location [META-INF/spring.factories]: [org.springframework.security.test.context.support.WithSecurityContextTestExecutionListener, org.springframework.security.test.context.support.ReactorContextTestExecutionListener, org.springframework.test.context.web.ServletTestExecutionListener, org.springframework.test.context.support.DirtiesContextBeforeModesTestExecutionListener, org.springframework.test.context.event.ApplicationEventsTestExecutionListener, org.springframework.test.context.support.DependencyInjectionTestExecutionListener, org.springframework.test.context.support.DirtiesContextTestExecutionListener, org.springframework.test.context.transaction.TransactionalTestExecutionListener, org.springframework.test.context.jdbc.SqlScriptsTestExecutionListener, org.springframework.test.context.event.EventPublishingTestExecutionListener, org.springframework.boot.test.mock.mockito.MockitoTestExecutionListener, org.springframework.boot.test.mock.mockito.ResetMocksTestExecutionListener, org.springframework.boot.test.autoconfigure.restdocs.RestDocsTestExecutionListener, org.springframework.boot.test.autoconfigure.web.client.MockRestServiceServerResetTestExecutionListener, org.springframework.boot.test.autoconfigure.web.servlet.MockMvcPrintOnlyOnFailureTestExecutionListener, org.springframework.boot.test.autoconfigure.web.servlet.WebDriverTestExecutionListener, org.springframework.boot.test.autoconfigure.webservices.client.MockWebServiceServerTestExecutionListener]
2022-05-21_12-12-20 [main] INFO  o.s.b.t.c.SpringBootTestContextBootstrapper - Using TestExecutionListeners: [org.springframework.test.context.web.ServletTestExecutionListener@34a86c40, org.springframework.test.context.support.DirtiesContextBeforeModesTestExecutionListener@363afb11, org.springframework.test.context.event.ApplicationEventsTestExecutionListener@70dd5a12, org.springframework.boot.test.mock.mockito.MockitoTestExecutionListener@28eb6c02, org.springframework.boot.test.autoconfigure.SpringBootDependencyInjectionTestExecutionListener@5fd6cf33, org.springframework.test.context.support.DirtiesContextTestExecutionListener@3ed545ab, org.springframework.test.context.transaction.TransactionalTestExecutionListener@244285a9, org.springframework.test.context.jdbc.SqlScriptsTestExecutionListener@57ba665f, org.springframework.security.test.context.support.WithSecurityContextTestExecutionListener@3e7c84cc, org.springframework.test.context.event.EventPublishingTestExecutionListener@2a1076b5, org.springframework.security.test.context.support.ReactorContextTestExecutionListener@1acfd193, org.springframework.boot.test.mock.mockito.ResetMocksTestExecutionListener@1e43d40b, org.springframework.boot.test.autoconfigure.restdocs.RestDocsTestExecutionListener@444379eb, org.springframework.boot.test.autoconfigure.web.client.MockRestServiceServerResetTestExecutionListener@6d4f1a08, org.springframework.boot.test.autoconfigure.web.servlet.MockMvcPrintOnlyOnFailureTestExecutionListener@9e81d7b, org.springframework.boot.test.autoconfigure.web.servlet.WebDriverTestExecutionListener@98b63c1, org.springframework.boot.test.autoconfigure.webservices.client.MockWebServiceServerTestExecutionListener@56d8cf3a]
2022-05-21_12-12-20 [main] INFO  o.s.b.t.c.SpringBootTestContextBootstrapper - Neither @ContextConfiguration nor @ContextHierarchy found for test class [com.pms.authorization.model.JwtRequestTest], using SpringBootContextLoader
2022-05-21_12-12-20 [main] INFO  o.s.t.c.s.AbstractContextLoader - Could not detect default resource locations for test class [com.pms.authorization.model.JwtRequestTest]: no resource found for suffixes {-context.xml, Context.groovy}.
2022-05-21_12-12-20 [main] INFO  o.s.t.c.s.AnnotationConfigContextLoaderUtils - Could not detect default configuration classes for test class [com.pms.authorization.model.JwtRequestTest]: JwtRequestTest does not declare any static, non-private, non-final, nested classes annotated with @Configuration.
2022-05-21_12-12-20 [main] INFO  o.s.b.t.c.SpringBootTestContextBootstrapper - Found @SpringBootConfiguration com.pms.authorization.AuthorizationMicroserviceApplication for test class com.pms.authorization.model.JwtRequestTest
2022-05-21_12-12-20 [main] INFO  o.s.b.t.c.SpringBootTestContextBootstrapper - Loaded default TestExecutionListener class names from location [META-INF/spring.factories]: [org.springframework.security.test.context.support.WithSecurityContextTestExecutionListener, org.springframework.security.test.context.support.ReactorContextTestExecutionListener, org.springframework.test.context.web.ServletTestExecutionListener, org.springframework.test.context.support.DirtiesContextBeforeModesTestExecutionListener, org.springframework.test.context.event.ApplicationEventsTestExecutionListener, org.springframework.test.context.support.DependencyInjectionTestExecutionListener, org.springframework.test.context.support.DirtiesContextTestExecutionListener, org.springframework.test.context.transaction.TransactionalTestExecutionListener, org.springframework.test.context.jdbc.SqlScriptsTestExecutionListener, org.springframework.test.context.event.EventPublishingTestExecutionListener, org.springframework.boot.test.mock.mockito.MockitoTestExecutionListener, org.springframework.boot.test.mock.mockito.ResetMocksTestExecutionListener, org.springframework.boot.test.autoconfigure.restdocs.RestDocsTestExecutionListener, org.springframework.boot.test.autoconfigure.web.client.MockRestServiceServerResetTestExecutionListener, org.springframework.boot.test.autoconfigure.web.servlet.MockMvcPrintOnlyOnFailureTestExecutionListener, org.springframework.boot.test.autoconfigure.web.servlet.WebDriverTestExecutionListener, org.springframework.boot.test.autoconfigure.webservices.client.MockWebServiceServerTestExecutionListener]
2022-05-21_12-12-20 [main] INFO  o.s.b.t.c.SpringBootTestContextBootstrapper - Using TestExecutionListeners: [org.springframework.test.context.web.ServletTestExecutionListener@557415ec, org.springframework.test.context.support.DirtiesContextBeforeModesTestExecutionListener@5196c8c0, org.springframework.test.context.event.ApplicationEventsTestExecutionListener@78f2bb1b, org.springframework.boot.test.mock.mockito.MockitoTestExecutionListener@651c826c, org.springframework.boot.test.autoconfigure.SpringBootDependencyInjectionTestExecutionListener@10323056, org.springframework.test.context.support.DirtiesContextTestExecutionListener@77052a58, org.springframework.test.context.transaction.TransactionalTestExecutionListener@1a427dc0, org.springframework.test.context.jdbc.SqlScriptsTestExecutionListener@1b4c8306, org.springframework.security.test.context.support.WithSecurityContextTestExecutionListener@1a7da0b9, org.springframework.test.context.event.EventPublishingTestExecutionListener@44f41e44, org.springframework.security.test.context.support.ReactorContextTestExecutionListener@4dd1d767, org.springframework.boot.test.mock.mockito.ResetMocksTestExecutionListener@327a3968, org.springframework.boot.test.autoconfigure.restdocs.RestDocsTestExecutionListener@45f53ff6, org.springframework.boot.test.autoconfigure.web.client.MockRestServiceServerResetTestExecutionListener@21970f32, org.springframework.boot.test.autoconfigure.web.servlet.MockMvcPrintOnlyOnFailureTestExecutionListener@623e8e88, org.springframework.boot.test.autoconfigure.web.servlet.WebDriverTestExecutionListener@1ec5ade, org.springframework.boot.test.autoconfigure.webservices.client.MockWebServiceServerTestExecutionListener@6d0acf9a]
2022-05-21_12-12-20 [main] INFO  o.s.b.t.c.SpringBootTestContextBootstrapper - Neither @ContextConfiguration nor @ContextHierarchy found for test class [com.pms.authorization.model.JwtResponseTest], using SpringBootContextLoader
2022-05-21_12-12-20 [main] INFO  o.s.t.c.s.AbstractContextLoader - Could not detect default resource locations for test class [com.pms.authorization.model.JwtResponseTest]: no resource found for suffixes {-context.xml, Context.groovy}.
2022-05-21_12-12-20 [main] INFO  o.s.t.c.s.AnnotationConfigContextLoaderUtils - Could not detect default configuration classes for test class [com.pms.authorization.model.JwtResponseTest]: JwtResponseTest does not declare any static, non-private, non-final, nested classes annotated with @Configuration.
2022-05-21_12-12-20 [main] INFO  o.s.b.t.c.SpringBootTestContextBootstrapper - Found @SpringBootConfiguration com.pms.authorization.AuthorizationMicroserviceApplication for test class com.pms.authorization.model.JwtResponseTest
2022-05-21_12-12-20 [main] INFO  o.s.b.t.c.SpringBootTestContextBootstrapper - Loaded default TestExecutionListener class names from location [META-INF/spring.factories]: [org.springframework.security.test.context.support.WithSecurityContextTestExecutionListener, org.springframework.security.test.context.support.ReactorContextTestExecutionListener, org.springframework.test.context.web.ServletTestExecutionListener, org.springframework.test.context.support.DirtiesContextBeforeModesTestExecutionListener, org.springframework.test.context.event.ApplicationEventsTestExecutionListener, org.springframework.test.context.support.DependencyInjectionTestExecutionListener, org.springframework.test.context.support.DirtiesContextTestExecutionListener, org.springframework.test.context.transaction.TransactionalTestExecutionListener, org.springframework.test.context.jdbc.SqlScriptsTestExecutionListener, org.springframework.test.context.event.EventPublishingTestExecutionListener, org.springframework.boot.test.mock.mockito.MockitoTestExecutionListener, org.springframework.boot.test.mock.mockito.ResetMocksTestExecutionListener, org.springframework.boot.test.autoconfigure.restdocs.RestDocsTestExecutionListener, org.springframework.boot.test.autoconfigure.web.client.MockRestServiceServerResetTestExecutionListener, org.springframework.boot.test.autoconfigure.web.servlet.MockMvcPrintOnlyOnFailureTestExecutionListener, org.springframework.boot.test.autoconfigure.web.servlet.WebDriverTestExecutionListener, org.springframework.boot.test.autoconfigure.webservices.client.MockWebServiceServerTestExecutionListener]
2022-05-21_12-12-20 [main] INFO  o.s.b.t.c.SpringBootTestContextBootstrapper - Using TestExecutionListeners: [org.springframework.test.context.web.ServletTestExecutionListener@1bdaa131, org.springframework.test.context.support.DirtiesContextBeforeModesTestExecutionListener@6eeee66f, org.springframework.test.context.event.ApplicationEventsTestExecutionListener@411cad6, org.springframework.boot.test.mock.mockito.MockitoTestExecutionListener@30c94321, org.springframework.boot.test.autoconfigure.SpringBootDependencyInjectionTestExecutionListener@7ed4bf20, org.springframework.test.context.support.DirtiesContextTestExecutionListener@6790e30b, org.springframework.test.context.transaction.TransactionalTestExecutionListener@6dddd255, org.springframework.test.context.jdbc.SqlScriptsTestExecutionListener@17774484, org.springframework.security.test.context.support.WithSecurityContextTestExecutionListener@4c01d4f5, org.springframework.test.context.event.EventPublishingTestExecutionListener@2c69eec5, org.springframework.security.test.context.support.ReactorContextTestExecutionListener@2fa5ce67, org.springframework.boot.test.mock.mockito.ResetMocksTestExecutionListener@25bfc73, org.springframework.boot.test.autoconfigure.restdocs.RestDocsTestExecutionListener@40bf36b1, org.springframework.boot.test.autoconfigure.web.client.MockRestServiceServerResetTestExecutionListener@2343f7a5, org.springframework.boot.test.autoconfigure.web.servlet.MockMvcPrintOnlyOnFailureTestExecutionListener@2294d35c, org.springframework.boot.test.autoconfigure.web.servlet.WebDriverTestExecutionListener@7f710b19, org.springframework.boot.test.autoconfigure.webservices.client.MockWebServiceServerTestExecutionListener@4642b0f8]
2022-05-21_12-12-20 [main] INFO  o.s.b.t.c.SpringBootTestContextBootstrapper - Neither @ContextConfiguration nor @ContextHierarchy found for test class [com.pms.authorization.model.UserModelTest], using SpringBootContextLoader
2022-05-21_12-12-20 [main] INFO  o.s.t.c.s.AbstractContextLoader - Could not detect default resource locations for test class [com.pms.authorization.model.UserModelTest]: no resource found for suffixes {-context.xml, Context.groovy}.
2022-05-21_12-12-20 [main] INFO  o.s.t.c.s.AnnotationConfigContextLoaderUtils - Could not detect default configuration classes for test class [com.pms.authorization.model.UserModelTest]: UserModelTest does not declare any static, non-private, non-final, nested classes annotated with @Configuration.
2022-05-21_12-12-20 [main] INFO  o.s.b.t.c.SpringBootTestContextBootstrapper - Found @SpringBootConfiguration com.pms.authorization.AuthorizationMicroserviceApplication for test class com.pms.authorization.model.UserModelTest
2022-05-21_12-12-20 [main] INFO  o.s.b.t.c.SpringBootTestContextBootstrapper - Loaded default TestExecutionListener class names from location [META-INF/spring.factories]: [org.springframework.security.test.context.support.WithSecurityContextTestExecutionListener, org.springframework.security.test.context.support.ReactorContextTestExecutionListener, org.springframework.test.context.web.ServletTestExecutionListener, org.springframework.test.context.support.DirtiesContextBeforeModesTestExecutionListener, org.springframework.test.context.event.ApplicationEventsTestExecutionListener, org.springframework.test.context.support.DependencyInjectionTestExecutionListener, org.springframework.test.context.support.DirtiesContextTestExecutionListener, org.springframework.test.context.transaction.TransactionalTestExecutionListener, org.springframework.test.context.jdbc.SqlScriptsTestExecutionListener, org.springframework.test.context.event.EventPublishingTestExecutionListener, org.springframework.boot.test.mock.mockito.MockitoTestExecutionListener, org.springframework.boot.test.mock.mockito.ResetMocksTestExecutionListener, org.springframework.boot.test.autoconfigure.restdocs.RestDocsTestExecutionListener, org.springframework.boot.test.autoconfigure.web.client.MockRestServiceServerResetTestExecutionListener, org.springframework.boot.test.autoconfigure.web.servlet.MockMvcPrintOnlyOnFailureTestExecutionListener, org.springframework.boot.test.autoconfigure.web.servlet.WebDriverTestExecutionListener, org.springframework.boot.test.autoconfigure.webservices.client.MockWebServiceServerTestExecutionListener]
2022-05-21_12-12-20 [main] INFO  o.s.b.t.c.SpringBootTestContextBootstrapper - Using TestExecutionListeners: [org.springframework.test.context.web.ServletTestExecutionListener@7e0aab75, org.springframework.test.context.support.DirtiesContextBeforeModesTestExecutionListener@9d45e6e, org.springframework.test.context.event.ApplicationEventsTestExecutionListener@5a42eadc, org.springframework.boot.test.mock.mockito.MockitoTestExecutionListener@24766217, org.springframework.boot.test.autoconfigure.SpringBootDependencyInjectionTestExecutionListener@f8c34ef, org.springframework.test.context.support.DirtiesContextTestExecutionListener@24002c5e, org.springframework.test.context.transaction.TransactionalTestExecutionListener@69593608, org.springframework.test.context.jdbc.SqlScriptsTestExecutionListener@7ea887ee, org.springframework.security.test.context.support.WithSecurityContextTestExecutionListener@106dff98, org.springframework.test.context.event.EventPublishingTestExecutionListener@352a4317, org.springframework.security.test.context.support.ReactorContextTestExecutionListener@1563dacc, org.springframework.boot.test.mock.mockito.ResetMocksTestExecutionListener@2f4ea879, org.springframework.boot.test.autoconfigure.restdocs.RestDocsTestExecutionListener@50a00337, org.springframework.boot.test.autoconfigure.web.client.MockRestServiceServerResetTestExecutionListener@37f5c0cf, org.springframework.boot.test.autoconfigure.web.servlet.MockMvcPrintOnlyOnFailureTestExecutionListener@3ccbc947, org.springframework.boot.test.autoconfigure.web.servlet.WebDriverTestExecutionListener@669cb3c7, org.springframework.boot.test.autoconfigure.webservices.client.MockWebServiceServerTestExecutionListener@3675ad98]
2022-05-21_12-12-20 [main] INFO  o.s.b.t.a.o.j.DataJpaTestContextBootstrapper - Neither @ContextConfiguration nor @ContextHierarchy found for test class [com.pms.authorization.repository.UserDaoTest], using SpringBootContextLoader
2022-05-21_12-12-20 [main] INFO  o.s.t.c.s.AbstractContextLoader - Could not detect default resource locations for test class [com.pms.authorization.repository.UserDaoTest]: no resource found for suffixes {-context.xml, Context.groovy}.
2022-05-21_12-12-20 [main] INFO  o.s.t.c.s.AnnotationConfigContextLoaderUtils - Could not detect default configuration classes for test class [com.pms.authorization.repository.UserDaoTest]: UserDaoTest does not declare any static, non-private, non-final, nested classes annotated with @Configuration.
2022-05-21_12-12-20 [main] INFO  o.s.b.t.c.SpringBootTestContextBootstrapper - Found @SpringBootConfiguration com.pms.authorization.AuthorizationMicroserviceApplication for test class com.pms.authorization.repository.UserDaoTest
2022-05-21_12-12-20 [main] INFO  o.s.b.t.a.o.j.DataJpaTestContextBootstrapper - Loaded default TestExecutionListener class names from location [META-INF/spring.factories]: [org.springframework.security.test.context.support.WithSecurityContextTestExecutionListener, org.springframework.security.test.context.support.ReactorContextTestExecutionListener, org.springframework.test.context.web.ServletTestExecutionListener, org.springframework.test.context.support.DirtiesContextBeforeModesTestExecutionListener, org.springframework.test.context.event.ApplicationEventsTestExecutionListener, org.springframework.test.context.support.DependencyInjectionTestExecutionListener, org.springframework.test.context.support.DirtiesContextTestExecutionListener, org.springframework.test.context.transaction.TransactionalTestExecutionListener, org.springframework.test.context.jdbc.SqlScriptsTestExecutionListener, org.springframework.test.context.event.EventPublishingTestExecutionListener, org.springframework.boot.test.mock.mockito.MockitoTestExecutionListener, org.springframework.boot.test.mock.mockito.ResetMocksTestExecutionListener, org.springframework.boot.test.autoconfigure.restdocs.RestDocsTestExecutionListener, org.springframework.boot.test.autoconfigure.web.client.MockRestServiceServerResetTestExecutionListener, org.springframework.boot.test.autoconfigure.web.servlet.MockMvcPrintOnlyOnFailureTestExecutionListener, org.springframework.boot.test.autoconfigure.web.servlet.WebDriverTestExecutionListener, org.springframework.boot.test.autoconfigure.webservices.client.MockWebServiceServerTestExecutionListener]
2022-05-21_12-12-20 [main] INFO  o.s.b.t.a.o.j.DataJpaTestContextBootstrapper - Using TestExecutionListeners: [org.springframework.test.context.web.ServletTestExecutionListener@1b599d06, org.springframework.test.context.support.DirtiesContextBeforeModesTestExecutionListener@430ad9be, org.springframework.test.context.event.ApplicationEventsTestExecutionListener@122dc222, org.springframework.boot.test.mock.mockito.MockitoTestExecutionListener@1e06006f, org.springframework.boot.test.autoconfigure.SpringBootDependencyInjectionTestExecutionListener@49e01f04, org.springframework.test.context.support.DirtiesContextTestExecutionListener@5c32f8af, org.springframework.test.context.transaction.TransactionalTestExecutionListener@20f21dd9, org.springframework.test.context.jdbc.SqlScriptsTestExecutionListener@ed974d0, org.springframework.security.test.context.support.WithSecurityContextTestExecutionListener@47884230, org.springframework.test.context.event.EventPublishingTestExecutionListener@cb42dee, org.springframework.security.test.context.support.ReactorContextTestExecutionListener@3c98e574, org.springframework.boot.test.mock.mockito.ResetMocksTestExecutionListener@79a269c3, org.springframework.boot.test.autoconfigure.restdocs.RestDocsTestExecutionListener@7cbe3d05, org.springframework.boot.test.autoconfigure.web.client.MockRestServiceServerResetTestExecutionListener@51c8a421, org.springframework.boot.test.autoconfigure.web.servlet.MockMvcPrintOnlyOnFailureTestExecutionListener@2a805829, org.springframework.boot.test.autoconfigure.web.servlet.WebDriverTestExecutionListener@4006d0cb, org.springframework.boot.test.autoconfigure.webservices.client.MockWebServiceServerTestExecutionListener@4d5d8bdb]
2022-05-21_12-12-22 [main] INFO  c.p.a.repository.UserDaoTest - Starting UserDaoTest using Java 15.0.2 on LAPTOP-99L8IUMB with PID 6184 (started by KRITHIGA in G:\Spring and Angular\pms-springboot-microservices\pms-authorization-microservice)
2022-05-21_12-12-22 [main] INFO  c.p.a.repository.UserDaoTest - No active profile set, falling back to default profiles: default
2022-05-21_12-12-22 [main] INFO  o.s.d.r.c.RepositoryConfigurationDelegate - Bootstrapping Spring Data JPA repositories in DEFAULT mode.
2022-05-21_12-12-22 [main] INFO  o.s.d.r.c.RepositoryConfigurationDelegate - Finished Spring Data repository scanning in 16 ms. Found 1 JPA repository interfaces.
2022-05-21_12-12-22 [main] INFO  o.s.b.t.a.j.TestDatabaseAutoConfiguration$EmbeddedDataSourceBeanFactoryPostProcessor - Replacing 'dataSource' DataSource bean with embedded version
2022-05-21_12-12-22 [main] INFO  o.s.j.d.e.EmbeddedDatabaseFactory - Starting embedded database: url='jdbc:h2:mem:af7050b3-d16e-43e6-8082-4874c070f849;DB_CLOSE_DELAY=-1;DB_CLOSE_ON_EXIT=false', username='sa'
2022-05-21_12-12-22 [main] INFO  o.h.jpa.internal.util.LogHelper - HHH000204: Processing PersistenceUnitInfo [name: default]
2022-05-21_12-12-22 [main] INFO  org.hibernate.dialect.Dialect - HHH000400: Using dialect: org.hibernate.dialect.H2Dialect
2022-05-21_12-12-22 [main] INFO  o.h.e.t.j.p.i.JtaPlatformInitiator - HHH000490: Using JtaPlatform implementation: [org.hibernate.engine.transaction.jta.platform.internal.NoJtaPlatform]
2022-05-21_12-12-22 [main] INFO  o.s.o.j.LocalContainerEntityManagerFactoryBean - Initialized JPA EntityManagerFactory for persistence unit 'default'
2022-05-21_12-12-22 [main] INFO  c.p.a.repository.UserDaoTest - Started UserDaoTest in 0.488 seconds (JVM running for 22.394)
2022-05-21_12-12-22 [main] INFO  o.s.t.c.t.TransactionContext - Began transaction (1) for test context [DefaultTestContext@19321c7a testClass = UserDaoTest, testInstance = com.pms.authorization.repository.UserDaoTest@20fce003, testMethod = testUserDaoFindByName@UserDaoTest, testException = [null], mergedContextConfiguration = [MergedContextConfiguration@437a84d1 testClass = UserDaoTest, locations = '{}', classes = '{class com.pms.authorization.AuthorizationMicroserviceApplication}', contextInitializerClasses = '[]', activeProfiles = '{}', propertySourceLocations = '{}', propertySourceProperties = '{org.springframework.boot.test.autoconfigure.orm.jpa.DataJpaTestContextBootstrapper=true}', contextCustomizers = set[[ImportsContextCustomizer@14145f2b key = [org.springframework.boot.autoconfigure.cache.CacheAutoConfiguration, org.springframework.boot.autoconfigure.data.jpa.JpaRepositoriesAutoConfiguration, org.springframework.boot.autoconfigure.flyway.FlywayAutoConfiguration, org.springframework.boot.autoconfigure.jdbc.DataSourceAutoConfiguration, org.springframework.boot.autoconfigure.jdbc.DataSourceTransactionManagerAutoConfiguration, org.springframework.boot.autoconfigure.jdbc.JdbcTemplateAutoConfiguration, org.springframework.boot.autoconfigure.liquibase.LiquibaseAutoConfiguration, org.springframework.boot.autoconfigure.orm.jpa.HibernateJpaAutoConfiguration, org.springframework.boot.autoconfigure.transaction.TransactionAutoConfiguration, org.springframework.boot.test.autoconfigure.jdbc.TestDatabaseAutoConfiguration, org.springframework.boot.test.autoconfigure.orm.jpa.TestEntityManagerAutoConfiguration]], org.springframework.boot.test.context.filter.ExcludeFilterContextCustomizer@710b18a6, org.springframework.boot.test.json.DuplicateJsonObjectContextCustomizerFactory$DuplicateJsonObjectContextCustomizer@c055c54, org.springframework.boot.test.mock.mockito.MockitoContextCustomizer@17a9eee7, org.springframework.boot.test.autoconfigure.OverrideAutoConfigurationContextCustomizerFactory$DisableAutoConfigurationContextCustomizer@be1f3d6, org.springframework.boot.test.autoconfigure.actuate.metrics.MetricsExportContextCustomizerFactory$DisableMetricExportContextCustomizer@704f1591, org.springframework.boot.test.autoconfigure.filter.TypeExcludeFiltersContextCustomizer@351584c0, org.springframework.boot.test.autoconfigure.properties.PropertyMappingContextCustomizer@7126389a, org.springframework.boot.test.autoconfigure.web.servlet.WebDriverContextCustomizerFactory$Customizer@7ac2e39b, org.springframework.boot.test.context.SpringBootTestArgs@1, org.springframework.boot.test.context.SpringBootTestWebEnvironment@0], contextLoader = 'org.springframework.boot.test.context.SpringBootContextLoader', parent = [null]], attributes = map['org.springframework.test.context.event.ApplicationEventsTestExecutionListener.recordApplicationEvents' -> false]]; transaction manager [org.springframework.orm.jpa.JpaTransactionManager@773bccc3]; rollback [true]
2022-05-21_12-12-22 [main] INFO  o.s.t.c.t.TransactionContext - Rolled back transaction for test: [DefaultTestContext@19321c7a testClass = UserDaoTest, testInstance = com.pms.authorization.repository.UserDaoTest@20fce003, testMethod = testUserDaoFindByName@UserDaoTest, testException = [null], mergedContextConfiguration = [MergedContextConfiguration@437a84d1 testClass = UserDaoTest, locations = '{}', classes = '{class com.pms.authorization.AuthorizationMicroserviceApplication}', contextInitializerClasses = '[]', activeProfiles = '{}', propertySourceLocations = '{}', propertySourceProperties = '{org.springframework.boot.test.autoconfigure.orm.jpa.DataJpaTestContextBootstrapper=true}', contextCustomizers = set[[ImportsContextCustomizer@14145f2b key = [org.springframework.boot.autoconfigure.cache.CacheAutoConfiguration, org.springframework.boot.autoconfigure.data.jpa.JpaRepositoriesAutoConfiguration, org.springframework.boot.autoconfigure.flyway.FlywayAutoConfiguration, org.springframework.boot.autoconfigure.jdbc.DataSourceAutoConfiguration, org.springframework.boot.autoconfigure.jdbc.DataSourceTransactionManagerAutoConfiguration, org.springframework.boot.autoconfigure.jdbc.JdbcTemplateAutoConfiguration, org.springframework.boot.autoconfigure.liquibase.LiquibaseAutoConfiguration, org.springframework.boot.autoconfigure.orm.jpa.HibernateJpaAutoConfiguration, org.springframework.boot.autoconfigure.transaction.TransactionAutoConfiguration, org.springframework.boot.test.autoconfigure.jdbc.TestDatabaseAutoConfiguration, org.springframework.boot.test.autoconfigure.orm.jpa.TestEntityManagerAutoConfiguration]], org.springframework.boot.test.context.filter.ExcludeFilterContextCustomizer@710b18a6, org.springframework.boot.test.json.DuplicateJsonObjectContextCustomizerFactory$DuplicateJsonObjectContextCustomizer@c055c54, org.springframework.boot.test.mock.mockito.MockitoContextCustomizer@17a9eee7, org.springframework.boot.test.autoconfigure.OverrideAutoConfigurationContextCustomizerFactory$DisableAutoConfigurationContextCustomizer@be1f3d6, org.springframework.boot.test.autoconfigure.actuate.metrics.MetricsExportContextCustomizerFactory$DisableMetricExportContextCustomizer@704f1591, org.springframework.boot.test.autoconfigure.filter.TypeExcludeFiltersContextCustomizer@351584c0, org.springframework.boot.test.autoconfigure.properties.PropertyMappingContextCustomizer@7126389a, org.springframework.boot.test.autoconfigure.web.servlet.WebDriverContextCustomizerFactory$Customizer@7ac2e39b, org.springframework.boot.test.context.SpringBootTestArgs@1, org.springframework.boot.test.context.SpringBootTestWebEnvironment@0], contextLoader = 'org.springframework.boot.test.context.SpringBootContextLoader', parent = [null]], attributes = map['org.springframework.test.context.event.ApplicationEventsTestExecutionListener.recordApplicationEvents' -> false]]
2022-05-21_12-12-22 [main] INFO  o.s.b.t.c.SpringBootTestContextBootstrapper - Neither @ContextConfiguration nor @ContextHierarchy found for test class [com.pms.authorization.service.JwtUserDetailsServiceTest], using SpringBootContextLoader
2022-05-21_12-12-22 [main] INFO  o.s.t.c.s.AbstractContextLoader - Could not detect default resource locations for test class [com.pms.authorization.service.JwtUserDetailsServiceTest]: no resource found for suffixes {-context.xml, Context.groovy}.
2022-05-21_12-12-22 [main] INFO  o.s.t.c.s.AnnotationConfigContextLoaderUtils - Could not detect default configuration classes for test class [com.pms.authorization.service.JwtUserDetailsServiceTest]: JwtUserDetailsServiceTest does not declare any static, non-private, non-final, nested classes annotated with @Configuration.
2022-05-21_12-12-22 [main] INFO  o.s.b.t.c.SpringBootTestContextBootstrapper - Found @SpringBootConfiguration com.pms.authorization.AuthorizationMicroserviceApplication for test class com.pms.authorization.service.JwtUserDetailsServiceTest
2022-05-21_12-12-22 [main] INFO  o.s.b.t.c.SpringBootTestContextBootstrapper - Loaded default TestExecutionListener class names from location [META-INF/spring.factories]: [org.springframework.security.test.context.support.WithSecurityContextTestExecutionListener, org.springframework.security.test.context.support.ReactorContextTestExecutionListener, org.springframework.test.context.web.ServletTestExecutionListener, org.springframework.test.context.support.DirtiesContextBeforeModesTestExecutionListener, org.springframework.test.context.event.ApplicationEventsTestExecutionListener, org.springframework.test.context.support.DependencyInjectionTestExecutionListener, org.springframework.test.context.support.DirtiesContextTestExecutionListener, org.springframework.test.context.transaction.TransactionalTestExecutionListener, org.springframework.test.context.jdbc.SqlScriptsTestExecutionListener, org.springframework.test.context.event.EventPublishingTestExecutionListener, org.springframework.boot.test.mock.mockito.MockitoTestExecutionListener, org.springframework.boot.test.mock.mockito.ResetMocksTestExecutionListener, org.springframework.boot.test.autoconfigure.restdocs.RestDocsTestExecutionListener, org.springframework.boot.test.autoconfigure.web.client.MockRestServiceServerResetTestExecutionListener, org.springframework.boot.test.autoconfigure.web.servlet.MockMvcPrintOnlyOnFailureTestExecutionListener, org.springframework.boot.test.autoconfigure.web.servlet.WebDriverTestExecutionListener, org.springframework.boot.test.autoconfigure.webservices.client.MockWebServiceServerTestExecutionListener]
2022-05-21_12-12-22 [main] INFO  o.s.b.t.c.SpringBootTestContextBootstrapper - Using TestExecutionListeners: [org.springframework.test.context.web.ServletTestExecutionListener@6295be36, org.springframework.test.context.support.DirtiesContextBeforeModesTestExecutionListener@df98e69, org.springframework.test.context.event.ApplicationEventsTestExecutionListener@fab91f, org.springframework.boot.test.mock.mockito.MockitoTestExecutionListener@da3cab, org.springframework.boot.test.autoconfigure.SpringBootDependencyInjectionTestExecutionListener@4f714688, org.springframework.test.context.support.DirtiesContextTestExecutionListener@eba03c9, org.springframework.test.context.transaction.TransactionalTestExecutionListener@5b5d7140, org.springframework.test.context.jdbc.SqlScriptsTestExecutionListener@a3331e4, org.springframework.security.test.context.support.WithSecurityContextTestExecutionListener@4fb3632c, org.springframework.test.context.event.EventPublishingTestExecutionListener@11c98558, org.springframework.security.test.context.support.ReactorContextTestExecutionListener@212e3150, org.springframework.boot.test.mock.mockito.ResetMocksTestExecutionListener@32818880, org.springframework.boot.test.autoconfigure.restdocs.RestDocsTestExecutionListener@66ff37ff, org.springframework.boot.test.autoconfigure.web.client.MockRestServiceServerResetTestExecutionListener@3bc19d3d, org.springframework.boot.test.autoconfigure.web.servlet.MockMvcPrintOnlyOnFailureTestExecutionListener@6bb59fa4, org.springframework.boot.test.autoconfigure.web.servlet.WebDriverTestExecutionListener@55cedfda, org.springframework.boot.test.autoconfigure.webservices.client.MockWebServiceServerTestExecutionListener@4a114a53]
2022-05-21_12-12-22 [main] INFO  c.p.a.service.JwtUserDetailsService - User found
2022-05-21_12-12-22 [main] INFO  c.p.a.service.JwtUserDetailsService - user successfully located
2022-05-21_12-12-22 [SpringContextShutdownHook] INFO  o.s.s.c.ThreadPoolTaskExecutor - Shutting down ExecutorService 'applicationTaskExecutor'
2022-05-21_12-12-22 [SpringContextShutdownHook] INFO  o.s.s.c.ThreadPoolTaskExecutor - Shutting down ExecutorService 'applicationTaskExecutor'
2022-05-21_12-12-22 [SpringContextShutdownHook] INFO  o.s.s.c.ThreadPoolTaskExecutor - Shutting down ExecutorService 'applicationTaskExecutor'
2022-05-21_12-12-22 [SpringContextShutdownHook] INFO  o.s.o.j.LocalContainerEntityManagerFactoryBean - Closing JPA EntityManagerFactory for persistence unit 'default'
2022-05-21_12-12-22 [SpringContextShutdownHook] INFO  o.h.t.s.i.SchemaDropperImpl$DelayedDropActionImpl - HHH000477: Starting delayed evictData of schema as part of SessionFactory shut-down'
2022-05-21_12-12-22 [SpringContextShutdownHook] INFO  o.s.o.j.LocalContainerEntityManagerFactoryBean - Closing JPA EntityManagerFactory for persistence unit 'default'
2022-05-21_12-12-22 [SpringContextShutdownHook] INFO  o.h.t.s.i.SchemaDropperImpl$DelayedDropActionImpl - HHH000477: Starting delayed evictData of schema as part of SessionFactory shut-down'
2022-05-21_12-12-22 [SpringContextShutdownHook] INFO  o.s.o.j.LocalContainerEntityManagerFactoryBean - Closing JPA EntityManagerFactory for persistence unit 'default'
2022-05-21_12-12-22 [SpringContextShutdownHook] INFO  o.h.t.s.i.SchemaDropperImpl$DelayedDropActionImpl - HHH000477: Starting delayed evictData of schema as part of SessionFactory shut-down'
2022-05-21_12-12-22 [SpringContextShutdownHook] INFO  o.s.s.c.ThreadPoolTaskExecutor - Shutting down ExecutorService 'applicationTaskExecutor'
2022-05-21_12-12-22 [SpringContextShutdownHook] INFO  o.s.o.j.LocalContainerEntityManagerFactoryBean - Closing JPA EntityManagerFactory for persistence unit 'default'
2022-05-21_12-12-22 [SpringContextShutdownHook] INFO  o.h.t.s.i.SchemaDropperImpl$DelayedDropActionImpl - HHH000477: Starting delayed evictData of schema as part of SessionFactory shut-down'
2022-05-21_12-12-22 [SpringContextShutdownHook] INFO  com.zaxxer.hikari.HikariDataSource - HikariPool-4 - Shutdown initiated...
2022-05-21_12-12-22 [SpringContextShutdownHook] INFO  com.zaxxer.hikari.HikariDataSource - HikariPool-5 - Shutdown initiated...
2022-05-21_12-12-22 [SpringContextShutdownHook] INFO  com.zaxxer.hikari.HikariDataSource - HikariPool-4 - Shutdown completed.
2022-05-21_12-12-22 [SpringContextShutdownHook] INFO  o.s.o.j.LocalContainerEntityManagerFactoryBean - Closing JPA EntityManagerFactory for persistence unit 'default'
2022-05-21_12-12-22 [SpringContextShutdownHook] INFO  o.h.t.s.i.SchemaDropperImpl$DelayedDropActionImpl - HHH000477: Starting delayed evictData of schema as part of SessionFactory shut-down'
2022-05-21_12-12-22 [SpringContextShutdownHook] INFO  com.zaxxer.hikari.HikariDataSource - HikariPool-5 - Shutdown completed.
2022-05-21_12-12-22 [SpringContextShutdownHook] INFO  com.zaxxer.hikari.HikariDataSource - HikariPool-1 - Shutdown initiated...
2022-05-21_12-12-22 [SpringContextShutdownHook] INFO  com.zaxxer.hikari.HikariDataSource - HikariPool-1 - Shutdown completed.
2022-05-21_12-12-22 [SpringContextShutdownHook] INFO  com.zaxxer.hikari.HikariDataSource - HikariPool-3 - Shutdown initiated...
2022-05-21_12-12-22 [SpringContextShutdownHook] INFO  com.zaxxer.hikari.HikariDataSource - HikariPool-3 - Shutdown completed.
2022-05-21_12-12-22 [SpringContextShutdownHook] INFO  o.s.s.c.ThreadPoolTaskExecutor - Shutting down ExecutorService 'applicationTaskExecutor'
2022-05-21_12-12-22 [SpringContextShutdownHook] INFO  o.s.o.j.LocalContainerEntityManagerFactoryBean - Closing JPA EntityManagerFactory for persistence unit 'default'
2022-05-21_12-12-22 [SpringContextShutdownHook] INFO  o.h.t.s.i.SchemaDropperImpl$DelayedDropActionImpl - HHH000477: Starting delayed evictData of schema as part of SessionFactory shut-down'
2022-05-21_12-12-22 [SpringContextShutdownHook] INFO  com.zaxxer.hikari.HikariDataSource - HikariPool-2 - Shutdown initiated...
2022-05-21_12-12-22 [SpringContextShutdownHook] INFO  com.zaxxer.hikari.HikariDataSource - HikariPool-2 - Shutdown completed.
