2022-05-20_18-39-09 [main] ERROR c.p.a.e.GlobalExceptionHandler - Required request body is missing: public org.springframework.http.ResponseEntity<?> com.pms.authorization.controller.JwtAuthenticationController.createAuthenticationToken(com.pms.authorization.model.JwtRequest) throws com.pms.authorization.exception.AuthorizationException
2022-05-20_18-39-09 [main] ERROR c.p.a.e.GlobalExceptionHandler - Required request body is missing: public org.springframework.http.ResponseEntity<?> com.pms.authorization.controller.JwtAuthenticationController.createAuthenticationToken(com.pms.authorization.model.JwtRequest) throws com.pms.authorization.exception.AuthorizationException
2022-05-20_18-39-09 [main] ERROR c.p.a.e.GlobalExceptionHandler - Cannot invoke "org.springframework.security.core.Authentication.getCredentials()" because "auth" is null
2022-05-20_18-39-09 [main] ERROR c.p.a.e.GlobalExceptionHandler - Cannot invoke "org.springframework.security.core.Authentication.getCredentials()" because "auth" is null
2022-05-20_18-39-12 [main] ERROR c.p.a.e.GlobalExceptionHandler - message
2022-05-20_18-39-12 [main] ERROR c.p.a.e.GlobalExceptionHandler - message
2022-05-20_19-11-54 [main] ERROR c.p.a.e.GlobalExceptionHandler - Required request body is missing: public org.springframework.http.ResponseEntity<?> com.pms.authorization.controller.JwtAuthenticationController.createAuthenticationToken(com.pms.authorization.model.JwtRequest) throws com.pms.authorization.exception.AuthorizationException
2022-05-20_19-11-54 [main] ERROR c.p.a.e.GlobalExceptionHandler - Required request body is missing: public org.springframework.http.ResponseEntity<?> com.pms.authorization.controller.JwtAuthenticationController.createAuthenticationToken(com.pms.authorization.model.JwtRequest) throws com.pms.authorization.exception.AuthorizationException
2022-05-20_19-11-54 [main] ERROR c.p.a.e.GlobalExceptionHandler - Cannot invoke "org.springframework.security.core.Authentication.getCredentials()" because "auth" is null
2022-05-20_19-11-54 [main] ERROR c.p.a.e.GlobalExceptionHandler - Cannot invoke "org.springframework.security.core.Authentication.getCredentials()" because "auth" is null
2022-05-20_19-11-57 [main] ERROR c.p.a.e.GlobalExceptionHandler - message
2022-05-20_19-11-57 [main] ERROR c.p.a.e.GlobalExceptionHandler - message
2022-05-20_22-00-41 [main] ERROR c.p.a.e.GlobalExceptionHandler - Required request body is missing: public org.springframework.http.ResponseEntity<?> com.pms.authorization.controller.JwtAuthenticationController.createAuthenticationToken(com.pms.authorization.model.JwtRequest) throws com.pms.authorization.exception.AuthorizationException
2022-05-20_22-00-41 [main] ERROR c.p.a.e.GlobalExceptionHandler - Required request body is missing: public org.springframework.http.ResponseEntity<?> com.pms.authorization.controller.JwtAuthenticationController.createAuthenticationToken(com.pms.authorization.model.JwtRequest) throws com.pms.authorization.exception.AuthorizationException
2022-05-20_22-00-41 [main] ERROR c.p.a.e.GlobalExceptionHandler - Cannot invoke "org.springframework.security.core.Authentication.getCredentials()" because "auth" is null
2022-05-20_22-00-41 [main] ERROR c.p.a.e.GlobalExceptionHandler - Cannot invoke "org.springframework.security.core.Authentication.getCredentials()" because "auth" is null
2022-05-20_22-00-47 [main] ERROR c.p.a.e.GlobalExceptionHandler - message
2022-05-20_22-00-47 [main] ERROR c.p.a.e.GlobalExceptionHandler - message
2022-05-20_22-10-52 [main] ERROR c.p.a.e.GlobalExceptionHandler - Required request body is missing: public org.springframework.http.ResponseEntity<?> com.pms.authorization.controller.JwtAuthenticationController.createAuthenticationToken(com.pms.authorization.model.JwtRequest) throws com.pms.authorization.exception.AuthorizationException
2022-05-20_22-10-52 [main] ERROR c.p.a.e.GlobalExceptionHandler - Required request body is missing: public org.springframework.http.ResponseEntity<?> com.pms.authorization.controller.JwtAuthenticationController.createAuthenticationToken(com.pms.authorization.model.JwtRequest) throws com.pms.authorization.exception.AuthorizationException
2022-05-20_22-10-52 [main] ERROR c.p.a.e.GlobalExceptionHandler - Cannot invoke "org.springframework.security.core.Authentication.getCredentials()" because "auth" is null
2022-05-20_22-10-52 [main] ERROR c.p.a.e.GlobalExceptionHandler - Cannot invoke "org.springframework.security.core.Authentication.getCredentials()" because "auth" is null
2022-05-20_22-10-58 [main] ERROR c.p.a.e.GlobalExceptionHandler - message
2022-05-20_22-10-58 [main] ERROR c.p.a.e.GlobalExceptionHandler - message
2022-05-20_22-11-03 [SpringContextShutdownHook] ERROR o.h.t.s.i.SchemaDropperImpl$DelayedDropActionImpl - HHH000478: Unsuccessful: drop table if exists users CASCADE 
2022-05-20_22-11-03 [SpringContextShutdownHook] ERROR o.h.t.s.i.SchemaDropperImpl$DelayedDropActionImpl - HHH000478: Unsuccessful: drop sequence if exists hibernate_sequence
2022-05-20_22-11-03 [SpringContextShutdownHook] ERROR o.h.e.jdbc.spi.SqlExceptionHelper - Database is already closed (to disable automatic closing at VM shutdown, add ";DB_CLOSE_ON_EXIT=FALSE" to the db URL) [90121-200]
2022-05-20_22-11-03 [SpringContextShutdownHook] ERROR o.h.t.s.i.SchemaDropperImpl$DelayedDropActionImpl - HHH000478: Unsuccessful: drop table if exists users CASCADE 
2022-05-20_22-11-03 [SpringContextShutdownHook] ERROR o.h.t.s.i.SchemaDropperImpl$DelayedDropActionImpl - HHH000478: Unsuccessful: drop table if exists users CASCADE 
2022-05-20_22-11-03 [SpringContextShutdownHook] ERROR o.h.t.s.i.SchemaDropperImpl$DelayedDropActionImpl - HHH000478: Unsuccessful: drop sequence if exists hibernate_sequence
2022-05-20_22-11-03 [SpringContextShutdownHook] ERROR o.h.t.s.i.SchemaDropperImpl$DelayedDropActionImpl - HHH000478: Unsuccessful: drop sequence if exists hibernate_sequence
2022-05-20_22-11-03 [SpringContextShutdownHook] ERROR o.h.e.jdbc.spi.SqlExceptionHelper - Database is already closed (to disable automatic closing at VM shutdown, add ";DB_CLOSE_ON_EXIT=FALSE" to the db URL) [90121-200]
2022-05-20_22-11-03 [SpringContextShutdownHook] ERROR o.h.e.jdbc.spi.SqlExceptionHelper - Database is already closed (to disable automatic closing at VM shutdown, add ";DB_CLOSE_ON_EXIT=FALSE" to the db URL) [90121-200]
